2026-02-17 01:57:14,358 - app_new - INFO - Logging initialized - Level: DEBUG
2026-02-17 01:57:14,358 - app_new - INFO - Starting pyAux in development mode
2026-02-17 01:57:14,359 - app_new - INFO - Application initialized successfully
2026-02-17 01:57:14,360 - app_new - INFO - Logging initialized - Level: DEBUG
2026-02-17 01:57:14,360 - app_new - INFO - Starting pyAux in development mode
2026-02-17 01:57:14,360 - app_new - INFO - Application initialized successfully
2026-02-17 01:57:50,843 - app - INFO - Logging initialized - Level: DEBUG
2026-02-17 01:57:51,044 - app - INFO - Logging initialized - Level: DEBUG
2026-02-17 01:58:13,965 - app - INFO - Logging initialized - Level: DEBUG
2026-02-17 01:58:14,151 - app - INFO - Logging initialized - Level: DEBUG
2026-02-17 01:58:25,980 - app - INFO - Logging initialized - Level: DEBUG
2026-02-17 01:59:06,814 - app - INFO - Logging initialized - Level: DEBUG
2026-02-17 01:59:07,002 - app - INFO - Logging initialized - Level: DEBUG
2026-02-17 02:00:07,071 - app - INFO - Logging initialized - Level: DEBUG
2026-02-17 02:00:07,292 - app - INFO - Logging initialized - Level: DEBUG
2026-02-17 02:00:21,172 - app - INFO - Logging initialized - Level: DEBUG
2026-02-17 02:00:21,360 - app - INFO - Logging initialized - Level: DEBUG
2026-02-17 02:01:20,291 - app - INFO - Logging initialized - Level: DEBUG
2026-02-17 22:31:48,917 - app - INFO - Logging initialized - Level: DEBUG
2026-02-17 22:31:49,029 - app - INFO - Logging initialized - Level: DEBUG
2026-02-17 22:32:53,848 - app - INFO - Logging initialized - Level: DEBUG
2026-02-17 22:32:53,957 - app - INFO - Logging initialized - Level: DEBUG
2026-02-17 22:36:16,134 - app - INFO - Logging initialized - Level: DEBUG
2026-02-17 22:40:56,929 - app - INFO - Logging initialized - Level: DEBUG
2026-02-17 22:49:11,782 - app - INFO - Logging initialized - Level: DEBUG
2026-02-17 22:50:55,947 - app - INFO - Logging initialized - Level: DEBUG
2026-02-17 23:03:08,990 - app - INFO - Logging initialized - Level: DEBUG
2026-02-17 23:04:03,820 - app - INFO - Logging initialized - Level: DEBUG
2026-02-17 23:38:38,283 - app - INFO - Logging initialized - Level: DEBUG
2026-02-17 23:54:07,945 - app - INFO - Logging initialized - Level: DEBUG
2026-02-17 23:56:49,652 - app - INFO - Logging initialized - Level: DEBUG
2026-02-17 23:58:47,994 - app - INFO - Logging initialized - Level: DEBUG
2026-02-17 23:59:38,537 - app - INFO - Logging initialized - Level: DEBUG
2026-02-18 00:00:12,967 - app - INFO - Logging initialized - Level: DEBUG
2026-02-18 00:00:13,081 - app - INFO - Logging initialized - Level: DEBUG
2026-02-18 00:12:17,178 - app - INFO - Logging initialized - Level: DEBUG
2026-02-18 00:43:31,194 - app - INFO - Logging initialized - Level: DEBUG
2026-02-18 00:43:35,428 - app - INFO - Logging initialized - Level: DEBUG
2026-02-18 00:43:40,649 - app - INFO - Logging initialized - Level: DEBUG
2026-02-18 00:44:12,160 - app - INFO - Logging initialized - Level: DEBUG
2026-02-18 00:44:23,433 - app - INFO - Logging initialized - Level: DEBUG
2026-02-18 00:44:43,803 - app - INFO - Logging initialized - Level: DEBUG
2026-02-18 00:50:37,787 - app - INFO - Logging initialized - Level: DEBUG
2026-02-18 00:50:37,898 - app - INFO - Logging initialized - Level: DEBUG
2026-02-18 00:52:04,935 - app - INFO - Logging initialized - Level: DEBUG
2026-02-18 00:52:10,131 - app - INFO - Logging initialized - Level: DEBUG
2026-02-18 00:52:57,334 - app - INFO - Logging initialized - Level: DEBUG
2026-02-18 00:52:57,445 - app - INFO - Logging initialized - Level: DEBUG
2026-02-18 00:53:52,199 - app - INFO - Logging initialized - Level: DEBUG
2026-02-18 00:54:05,355 - app - INFO - Logging initialized - Level: DEBUG
2026-02-18 00:54:05,466 - app - INFO - Logging initialized - Level: DEBUG
2026-02-18 00:55:00,228 - app - INFO - Logging initialized - Level: DEBUG
2026-02-18 00:55:11,788 - app - INFO - Logging initialized - Level: DEBUG
2026-02-18 00:55:11,899 - app - INFO - Logging initialized - Level: DEBUG
2026-02-18 00:57:57,873 - app - INFO - Logging initialized - Level: DEBUG
2026-02-18 00:58:03,134 - app - INFO - Logging initialized - Level: DEBUG
2026-02-18 00:58:25,872 - app - INFO - Logging initialized - Level: DEBUG
2026-02-18 00:58:25,985 - app - INFO - Logging initialized - Level: DEBUG
2026-02-18 00:59:08,587 - app - INFO - Logging initialized - Level: DEBUG
2026-02-18 00:59:08,701 - app - INFO - Logging initialized - Level: DEBUG
2026-02-18 01:03:27,627 - app - INFO - Logging initialized - Level: DEBUG
2026-02-18 01:05:16,887 - app - INFO - Logging initialized - Level: DEBUG
2026-02-18 01:07:08,944 - app - INFO - Logging initialized - Level: DEBUG
2026-02-18 01:07:09,057 - app - INFO - Logging initialized - Level: DEBUG
2026-02-18 01:10:09,996 - app - INFO - Logging initialized - Level: DEBUG
2026-02-18 01:11:11,814 - app - INFO - Logging initialized - Level: DEBUG
2026-02-18 01:11:29,374 - app - INFO - Logging initialized - Level: DEBUG
2026-02-18 01:11:29,568 - app - INFO - Logging initialized - Level: DEBUG
2026-02-18 01:15:37,853 - app - INFO - Logging initialized - Level: DEBUG
2026-02-18 01:15:37,973 - app - INFO - Logging initialized - Level: DEBUG
2026-02-18 01:17:39,493 - app - INFO - Logging initialized - Level: DEBUG
2026-02-18 01:17:49,250 - app - INFO - Logging initialized - Level: DEBUG
2026-02-18 01:17:59,520 - app - INFO - Logging initialized - Level: DEBUG
2026-02-18 01:17:59,632 - app - INFO - Logging initialized - Level: DEBUG
2026-02-18 01:18:24,467 - app - INFO - Logging initialized - Level: DEBUG
2026-02-18 01:18:24,575 - app - INFO - Logging initialized - Level: DEBUG
2026-02-18 01:19:45,206 - app - INFO - Logging initialized - Level: DEBUG
2026-02-18 01:19:56,319 - app - INFO - Logging initialized - Level: DEBUG
2026-02-18 01:19:56,429 - app - INFO - Logging initialized - Level: DEBUG
2026-02-18 01:21:30,463 - app - INFO - Logging initialized - Level: DEBUG
2026-02-18 01:21:30,580 - app - INFO - Logging initialized - Level: DEBUG
2026-02-18 01:21:48,997 - app - INFO - Logging initialized - Level: DEBUG
2026-02-18 01:21:59,323 - app - INFO - Logging initialized - Level: DEBUG
2026-02-18 01:21:59,431 - app - INFO - Logging initialized - Level: DEBUG
2026-02-18 01:25:06,347 - app - INFO - Logging initialized - Level: DEBUG
2026-02-18 01:25:06,462 - app - INFO - Logging initialized - Level: DEBUG
2026-02-18 01:26:28,473 - app - INFO - Logging initialized - Level: DEBUG
2026-02-18 01:32:23,662 - app - INFO - Logging initialized - Level: DEBUG
2026-02-18 01:32:23,773 - app - INFO - Logging initialized - Level: DEBUG
2026-02-18 01:33:45,858 - app - INFO - Logging initialized - Level: DEBUG
2026-03-16 21:44:03,917 - app - INFO - Logging initialized - Level: DEBUG
2026-03-16 21:44:04,184 - app - INFO - Logging initialized - Level: DEBUG
2026-03-16 21:44:32,717 - app - INFO - Logging initialized - Level: DEBUG
2026-03-16 21:44:48,435 - app - INFO - Logging initialized - Level: DEBUG
2026-03-16 21:44:48,612 - app - INFO - Logging initialized - Level: DEBUG
2026-03-16 21:48:12,076 - app - INFO - Logging initialized - Level: DEBUG
2026-03-16 21:48:12,277 - app - INFO - Logging initialized - Level: DEBUG
2026-03-16 22:54:33,614 - app - INFO - Logging initialized - Level: DEBUG
2026-03-16 22:54:33,614 - app - INFO - Starting pyAux in development mode
2026-03-16 22:54:33,616 - app - INFO - Application initialized successfully
2026-03-16 22:54:33,616 - app - INFO - Logging initialized - Level: DEBUG
2026-03-16 22:54:33,616 - app - INFO - Starting pyAux in development mode
2026-03-16 22:54:33,617 - app - INFO - Application initialized successfully
2026-03-16 23:01:38,897 - app - INFO - Logging initialized - Level: DEBUG
2026-03-16 23:01:38,897 - app - INFO - Starting pyAux in development mode
2026-03-16 23:01:38,898 - app - INFO - Application initialized successfully
2026-03-16 23:01:38,898 - app - INFO - Logging initialized - Level: DEBUG
2026-03-16 23:01:38,898 - app - INFO - Starting pyAux in development mode
2026-03-16 23:01:38,899 - app - INFO - Application initialized successfully
2026-03-16 23:02:14,437 - app - INFO - Logging initialized - Level: DEBUG
2026-03-16 23:02:14,655 - app - INFO - Logging initialized - Level: DEBUG
2026-03-16 23:09:33,204 - app - INFO - Logging initialized - Level: DEBUG
2026-03-16 23:10:07,961 - app - INFO - Logging initialized - Level: DEBUG
2026-03-16 23:10:08,651 - app - INFO - Logging initialized - Level: DEBUG
2026-03-16 23:10:08,651 - app - INFO - Starting pyAux in development mode
2026-03-16 23:10:08,652 - app - INFO - Application initialized successfully
2026-03-16 23:10:08,652 - app - INFO - Logging initialized - Level: DEBUG
2026-03-16 23:10:08,652 - app - INFO - Starting pyAux in development mode
2026-03-16 23:10:08,653 - app - INFO - Application initialized successfully
2026-03-25 01:04:35,219 - app - INFO - Logging initialized - Level: DEBUG
2026-03-25 01:04:35,409 - app - INFO - Logging initialized - Level: DEBUG
2026-03-25 01:06:06,179 - app - INFO - Logging initialized - Level: DEBUG
2026-03-25 01:06:06,363 - app - INFO - Logging initialized - Level: DEBUG
2026-03-25 01:59:04,031 - app - INFO - Logging initialized - Level: DEBUG
2026-03-25 01:59:04,032 - app - INFO - Starting pyAux in development mode
2026-03-25 01:59:04,033 - app - INFO - Application initialized successfully
2026-03-25 01:59:10,173 - app - INFO - Logging initialized - Level: DEBUG
2026-03-25 01:59:10,286 - app - INFO - Logging initialized - Level: DEBUG
2026-03-25 02:00:08,052 - app - INFO - Logging initialized - Level: DEBUG
2026-03-25 02:01:03,749 - app - INFO - Logging initialized - Level: DEBUG
2026-03-25 02:03:41,556 - app - INFO - Logging initialized - Level: DEBUG
2026-03-25 02:03:41,742 - app - INFO - Logging initialized - Level: DEBUG
2026-03-25 02:07:31,798 - app - INFO - Logging initialized - Level: DEBUG
2026-03-25 02:07:31,969 - app - INFO - Logging initialized - Level: DEBUG
2026-03-25 02:08:52,901 - app - INFO - Logging initialized - Level: DEBUG
2026-03-25 02:08:53,078 - app - INFO - Logging initialized - Level: DEBUG
2026-03-25 02:10:43,208 - app - INFO - Logging initialized - Level: DEBUG
2026-03-25 02:10:43,383 - app - INFO - Logging initialized - Level: DEBUG
2026-03-25 02:15:24,890 - app - INFO - Logging initialized - Level: DEBUG
2026-03-25 02:15:25,060 - app - INFO - Logging initialized - Level: DEBUG
2026-03-25 13:43:59,255 - app - INFO - Logging initialized - Level: DEBUG
2026-03-25 13:43:59,445 - app - INFO - Logging initialized - Level: DEBUG
2026-03-25 13:49:19,536 - app - INFO - Logging initialized - Level: DEBUG
2026-03-25 13:49:41,112 - app - INFO - Logging initialized - Level: DEBUG
2026-03-25 13:51:32,841 - app - INFO - Logging initialized - Level: DEBUG
2026-03-25 13:51:41,183 - app - INFO - Logging initialized - Level: DEBUG
2026-03-25 13:52:14,958 - app - INFO - Logging initialized - Level: DEBUG
2026-03-25 13:52:15,128 - app - INFO - Logging initialized - Level: DEBUG
2026-03-25 13:55:33,012 - app - INFO - Logging initialized - Level: DEBUG
2026-03-25 13:55:33,195 - app - INFO - Logging initialized - Level: DEBUG
2026-03-25 13:58:57,042 - app - INFO - Logging initialized - Level: DEBUG
2026-03-25 13:59:05,358 - app - INFO - Logging initialized - Level: DEBUG
2026-03-25 14:02:58,591 - app - INFO - Logging initialized - Level: DEBUG
2026-03-25 14:04:39,493 - app - INFO - Logging initialized - Level: DEBUG
2026-03-25 14:04:39,606 - app - INFO - Logging initialized - Level: DEBUG
2026-03-25 14:06:45,998 - app - INFO - Logging initialized - Level: DEBUG
2026-03-25 14:07:07,438 - app - INFO - Logging initialized - Level: DEBUG
2026-03-25 14:08:12,298 - app - INFO - Logging initialized - Level: DEBUG
2026-03-25 14:08:45,833 - app - INFO - Logging initialized - Level: DEBUG
2026-03-25 14:11:54,474 - app - INFO - Logging initialized - Level: DEBUG
2026-03-25 14:11:54,583 - app - INFO - Logging initialized - Level: DEBUG
2026-03-25 14:15:29,957 - app - INFO - Logging initialized - Level: DEBUG
2026-03-25 14:15:49,748 - app - INFO - Logging initialized - Level: DEBUG
2026-03-25 14:15:49,888 - app - INFO - Logging initialized - Level: DEBUG
2026-03-25 14:18:16,597 - app - INFO - Logging initialized - Level: DEBUG
2026-03-25 14:20:10,004 - app - INFO - Logging initialized - Level: DEBUG
2026-03-25 14:20:11,274 - app - INFO - Logging initialized - Level: DEBUG
2026-03-25 14:21:14,909 - app - INFO - Logging initialized - Level: DEBUG
2026-03-25 14:21:15,017 - app - INFO - Logging initialized - Level: DEBUG
2026-03-25 14:23:52,886 - app - INFO - Logging initialized - Level: DEBUG
2026-03-25 14:24:00,114 - app - INFO - Logging initialized - Level: DEBUG
2026-03-25 14:27:14,591 - app - INFO - Logging initialized - Level: DEBUG
2026-03-25 14:27:14,698 - app - INFO - Logging initialized - Level: DEBUG
2026-03-25 14:29:13,153 - app - INFO - Logging initialized - Level: DEBUG
2026-03-25 14:29:46,703 - app - INFO - Logging initialized - Level: DEBUG
2026-03-25 14:29:47,677 - app - INFO - Logging initialized - Level: DEBUG
2026-03-25 14:29:47,784 - app - INFO - Logging initialized - Level: DEBUG
2026-03-25 14:30:25,263 - app - INFO - Logging initialized - Level: DEBUG
2026-03-25 14:30:25,450 - app - INFO - Logging initialized - Level: DEBUG
2026-03-25 14:35:28,592 - app - INFO - Logging initialized - Level: DEBUG
2026-03-25 14:37:26,419 - app - INFO - Logging initialized - Level: DEBUG
2026-03-25 14:37:27,127 - app - INFO - Logging initialized - Level: DEBUG
2026-03-25 14:37:27,240 - app - INFO - Logging initialized - Level: DEBUG
2026-03-25 14:45:52,180 - app - INFO - Logging initialized - Level: DEBUG
2026-03-25 14:46:36,088 - app - INFO - Logging initialized - Level: DEBUG
2026-03-25 14:46:36,193 - app - INFO - Logging initialized - Level: DEBUG
2026-03-25 14:51:02,020 - app - INFO - Logging initialized - Level: DEBUG
2026-03-25 14:51:12,265 - app - INFO - Logging initialized - Level: DEBUG
2026-03-25 14:51:12,376 - app - INFO - Logging initialized - Level: DEBUG
2026-03-25 14:53:12,842 - app - INFO - Logging initialized - Level: DEBUG
2026-03-25 14:53:23,083 - app - INFO - Logging initialized - Level: DEBUG
2026-03-25 14:57:32,047 - app - INFO - Logging initialized - Level: DEBUG
2026-03-25 14:57:40,273 - app - INFO - Logging initialized - Level: DEBUG
2026-03-25 16:09:13,466 - app - INFO - Logging initialized - Level: DEBUG
2026-03-25 16:09:13,583 - app - INFO - Logging initialized - Level: DEBUG
2026-03-25 16:11:52,894 - app - INFO - Logging initialized - Level: DEBUG
2026-03-25 16:12:44,415 - app - INFO - Logging initialized - Level: DEBUG
2026-03-25 16:13:22,299 - app - INFO - Logging initialized - Level: DEBUG
2026-03-25 16:13:22,410 - app - INFO - Logging initialized - Level: DEBUG
2026-03-25 16:15:14,434 - app - INFO - Logging initialized - Level: DEBUG
2026-03-25 16:15:14,616 - app - INFO - Logging initialized - Level: DEBUG
2026-03-25 16:22:49,102 - app - INFO - Logging initialized - Level: DEBUG
2026-03-25 16:22:49,246 - app - INFO - Logging initialized - Level: DEBUG
2026-03-25 16:26:22,725 - app - INFO - Logging initialized - Level: DEBUG
2026-03-25 16:26:22,931 - app - INFO - Logging initialized - Level: DEBUG
2026-03-25 16:32:30,761 - app - INFO - Logging initialized - Level: DEBUG
2026-03-25 16:32:30,871 - app - INFO - Logging initialized - Level: DEBUG
2026-03-25 16:46:49,268 - app - INFO - Logging initialized - Level: DEBUG
2026-03-25 16:48:40,738 - app - INFO - Logging initialized - Level: DEBUG
2026-03-25 16:49:00,705 - app - INFO - Logging initialized - Level: DEBUG
2026-03-25 16:49:00,818 - app - INFO - Logging initialized - Level: DEBUG
2026-03-25 16:49:51,611 - app - INFO - Logging initialized - Level: DEBUG
2026-03-25 16:49:56,836 - app - INFO - Logging initialized - Level: DEBUG
2026-03-25 16:50:45,642 - app - INFO - Logging initialized - Level: DEBUG
2026-03-25 16:50:52,884 - app - INFO - Logging initialized - Level: DEBUG
2026-03-25 16:51:01,146 - app - INFO - Logging initialized - Level: DEBUG
2026-03-25 16:51:37,830 - app - INFO - Logging initialized - Level: DEBUG
2026-03-25 16:51:43,043 - app - INFO - Logging initialized - Level: DEBUG
2026-03-25 16:53:55,085 - app - INFO - Logging initialized - Level: DEBUG
2026-03-25 16:53:55,321 - app - INFO - Logging initialized - Level: DEBUG
2026-03-25 16:54:44,537 - app - INFO - Logging initialized - Level: DEBUG
2026-03-25 16:54:44,645 - app - INFO - Logging initialized - Level: DEBUG
2026-03-25 16:55:41,146 - app - INFO - Logging initialized - Level: DEBUG
2026-03-25 16:55:41,253 - app - INFO - Logging initialized - Level: DEBUG
2026-03-25 17:01:00,829 - app - INFO - Logging initialized - Level: DEBUG
2026-03-25 17:01:11,099 - app - INFO - Logging initialized - Level: DEBUG
2026-03-25 17:01:12,679 - app - INFO - Logging initialized - Level: DEBUG
2026-03-25 17:01:12,791 - app - INFO - Logging initialized - Level: DEBUG
2026-03-25 17:10:42,616 - app - INFO - Logging initialized - Level: DEBUG
2026-03-25 17:10:42,758 - app - INFO - Logging initialized - Level: DEBUG
2026-03-25 17:14:12,010 - app - INFO - Logging initialized - Level: DEBUG
2026-03-25 17:14:24,388 - app - INFO - Logging initialized - Level: DEBUG
2026-03-25 17:14:24,581 - app - INFO - Logging initialized - Level: DEBUG
2026-03-25 17:14:34,988 - app - INFO - Logging initialized - Level: DEBUG
2026-03-25 17:14:35,159 - app - INFO - Logging initialized - Level: DEBUG
2026-03-25 17:18:34,843 - app - INFO - Logging initialized - Level: DEBUG
2026-03-25 17:18:34,954 - app - INFO - Logging initialized - Level: DEBUG
2026-03-25 17:28:53,779 - app - INFO - Logging initialized - Level: DEBUG
2026-03-25 17:28:59,042 - app - INFO - Logging initialized - Level: DEBUG
2026-03-25 18:10:17,292 - app - INFO - Logging initialized - Level: DEBUG
2026-03-25 18:10:56,719 - app - INFO - Logging initialized - Level: DEBUG
2026-03-25 18:10:56,842 - app - INFO - Logging initialized - Level: DEBUG
2026-03-25 23:19:15,537 - app - INFO - Logging initialized - Level: DEBUG
2026-03-25 23:22:23,101 - app - INFO - Logging initialized - Level: DEBUG
2026-03-25 23:25:28,543 - app - INFO - Logging initialized - Level: DEBUG
2026-03-25 23:25:28,686 - app - INFO - Logging initialized - Level: DEBUG
2026-03-25 23:40:20,786 - app - INFO - Logging initialized - Level: DEBUG
2026-03-25 23:40:20,900 - app - INFO - Logging initialized - Level: DEBUG
2026-03-25 23:58:48,325 - app - INFO - Logging initialized - Level: DEBUG
2026-03-25 23:58:48,432 - app - INFO - Logging initialized - Level: DEBUG
2026-03-26 00:03:06,031 - app - INFO - Logging initialized - Level: DEBUG
2026-03-26 00:03:06,138 - app - INFO - Logging initialized - Level: DEBUG
2026-03-26 00:08:25,906 - app - INFO - Logging initialized - Level: DEBUG
2026-03-26 00:08:26,015 - app - INFO - Logging initialized - Level: DEBUG
2026-03-26 00:10:48,115 - app - INFO - Logging initialized - Level: DEBUG
2026-03-26 00:11:09,564 - app - INFO - Logging initialized - Level: DEBUG
2026-03-26 00:11:09,679 - app - INFO - Logging initialized - Level: DEBUG
2026-03-26 00:15:18,184 - app - INFO - Logging initialized - Level: DEBUG
2026-03-26 00:15:37,735 - app - INFO - Logging initialized - Level: DEBUG
2026-03-26 00:15:37,894 - app - INFO - Logging initialized - Level: DEBUG
2026-03-26 00:21:05,483 - app - INFO - Logging initialized - Level: DEBUG
2026-03-26 00:21:17,211 - app - INFO - Logging initialized - Level: DEBUG
2026-03-26 00:21:17,342 - app - INFO - Logging initialized - Level: DEBUG
2026-03-26 00:24:46,224 - app - INFO - Logging initialized - Level: DEBUG
